<?xml version="1.0" encoding="UTF-8"?>
<testsuite xmlns:xsi="http://www.w3.org/2001/XMLSchema-instance" xsi:noNamespaceSchemaLocation="https://maven.apache.org/surefire/maven-surefire-plugin/xsd/surefire-test-report-3.0.xsd" version="3.0" name="lf1.plp.functional1.SetExprTest" time="0.057" tests="14" errors="0" skipped="0" failures="0">
  <properties>
[...]
</properties>
  <testcase name="testFailFilterConditionNotBoolean" classname="lf1.plp.functional1.SetExprTest" time="0.02">
    <system-out><![CDATA[Erro de tipo capturado corretamente para: {x in 1..5 : 1} -> Vari�vel Condição da compreensão de conjunto deve ser Booleana. n�o declarada.
]]></system-out>
  </testcase>
  <testcase name="testCardinalidade" classname="lf1.plp.functional1.SetExprTest" time="0.004"/>
  <testcase name="testMap" classname="lf1.plp.functional1.SetExprTest" time="0.002"/>
  <testcase name="testRange" classname="lf1.plp.functional1.SetExprTest" time="0.001"/>
  <testcase name="testUnion" classname="lf1.plp.functional1.SetExprTest" time="0.001"/>
  <testcase name="testIn" classname="lf1.plp.functional1.SetExprTest" time="0.002"/>
  <testcase name="testFailInTipoIncompativel" classname="lf1.plp.functional1.SetExprTest" time="0.001">
    <system-out><![CDATA[Erro de tipo capturado corretamente para: 1 in {true, false} -> Vari�vel Tipo do elemento (INTEIRO) é incompatível com o tipo do conjunto (Set<BOOLEANO>) n�o declarada.
]]></system-out>
  </testcase>
  <testcase name="testIfIntegration" classname="lf1.plp.functional1.SetExprTest" time="0.002"/>
  <testcase name="testFailLiteralHeterogeneo" classname="lf1.plp.functional1.SetExprTest" time="0.001">
    <system-out><![CDATA[Erro de tipo capturado corretamente para: {1, true} -> Vari�vel Conjuntos devem ser homogêneos. Encontrados tipos INTEIRO e BOOLEANO n�o declarada.
Erro de tipo capturado corretamente para: {1, 2, "string"} -> Vari�vel Conjuntos devem ser homogêneos. Encontrados tipos INTEIRO e STRING n�o declarada.
]]></system-out>
  </testcase>
  <testcase name="testFailUnionTiposDiferentes" classname="lf1.plp.functional1.SetExprTest" time="0.0">
    <system-out><![CDATA[Erro de tipo capturado corretamente para: {1, 2} union {true, false} -> Vari�vel Operador 'union' espera dois Conjuntos do mesmo tipo. Encontrados Set<INTEIRO> e Set<BOOLEANO> n�o declarada.
]]></system-out>
  </testcase>
  <testcase name="testDifference" classname="lf1.plp.functional1.SetExprTest" time="0.001"/>
  <testcase name="testIntersection" classname="lf1.plp.functional1.SetExprTest" time="0.002"/>
  <testcase name="testSubset" classname="lf1.plp.functional1.SetExprTest" time="0.002"/>
  <testcase name="testLiteralSet" classname="lf1.plp.functional1.SetExprTest" time="0.001"/>
</testsuite>